<?xml version="1.0" encoding="UTF-8"?>
<!-- Generated by org.testng.reporters.JUnitReportReporter -->
<testsuite hostname="DrunkenHigh" failures="0" tests="1" name="Files.practiceBook" time="3.170" errors="0" timestamp="2024-06-29T15:32:23 IST" skipped="0">
  <testcase classname="Files.practiceBook" name="addBook" time="3.170"/>
  <system-out/>
</testsuite> <!-- Files.practiceBook -->
