<?xml version="1.0" encoding="UTF-8"?>
<!-- Generated by org.testng.reporters.JUnitReportReporter -->
<testsuite hostname="DrunkenHigh" failures="0" tests="1" name="Files.SumValidation" time="2.091" errors="0" timestamp="2024-06-29T14:52:39 IST" skipped="0">
  <testcase classname="Files.SumValidation" name="sumOfCourses" time="2.091"/>
  <system-out/>
</testsuite> <!-- Files.SumValidation -->
